0 verbose cli /opt/homebrew/Cellar/node/25.6.0/bin/node /opt/homebrew/bin/npm
1 info using npm@11.8.0
2 info using node@v25.6.0
3 silly config load:file:/opt/homebrew/lib/node_modules/npm/npmrc
4 silly config load:file:/Users/juniosilva/.openclaw/workspace/tdah/.npmrc
5 silly config load:file:/Users/juniosilva/.npmrc
6 silly config load:file:/opt/homebrew/etc/npmrc
7 verbose title npm install
8 verbose argv "install"
9 verbose logfile logs-max:10 dir:/Users/juniosilva/.openclaw/workspace/tdah/.npm-cache/_logs/2026-02-16T00_52_17_967Z-
10 verbose logfile /Users/juniosilva/.openclaw/workspace/tdah/.npm-cache/_logs/2026-02-16T00_52_17_967Z-debug-0.log
11 silly logfile done cleaning log files
12 silly packumentCache heap:2348810240 maxSize:587202560 maxEntrySize:293601280
13 silly idealTree buildDeps
14 silly fetch manifest @supabase/supabase-js@^2.95.3
15 silly packumentCache full:https://registry.npmjs.org/@supabase%2fsupabase-js cache-miss
16 http fetch GET 200 https://registry.npmjs.org/@supabase%2fsupabase-js 258ms (cache miss)
17 silly packumentCache full:https://registry.npmjs.org/@supabase%2fsupabase-js set size:undefined disposed:false
18 silly fetch manifest jose@^6.1.3
19 silly packumentCache full:https://registry.npmjs.org/jose cache-miss
20 http fetch GET 200 https://registry.npmjs.org/jose 59ms (cache miss)
21 silly packumentCache full:https://registry.npmjs.org/jose set size:undefined disposed:false
22 silly fetch manifest next@16.1.6
23 silly packumentCache full:https://registry.npmjs.org/next cache-miss
24 http fetch GET 200 https://registry.npmjs.org/next 349ms (cache miss)
25 silly packumentCache full:https://registry.npmjs.org/next set size:undefined disposed:false
26 silly fetch manifest @opentelemetry/api@^1.1.0
27 silly packumentCache full:https://registry.npmjs.org/@opentelemetry%2fapi cache-miss
28 http fetch GET 200 https://registry.npmjs.org/@opentelemetry%2fapi 161ms (cache miss)
29 silly packumentCache full:https://registry.npmjs.org/@opentelemetry%2fapi set size:undefined disposed:false
30 silly fetch manifest @playwright/test@^1.51.1
31 silly packumentCache full:https://registry.npmjs.org/@playwright%2ftest cache-miss
32 http fetch GET 200 https://registry.npmjs.org/@playwright%2ftest 216ms (cache miss)
33 silly packumentCache full:https://registry.npmjs.org/@playwright%2ftest set size:undefined disposed:false
34 silly fetch manifest babel-plugin-react-compiler@*
35 silly packumentCache full:https://registry.npmjs.org/babel-plugin-react-compiler cache-miss
36 http fetch GET 200 https://registry.npmjs.org/babel-plugin-react-compiler 45ms (cache miss)
37 silly packumentCache full:https://registry.npmjs.org/babel-plugin-react-compiler set size:undefined disposed:false
38 silly fetch manifest react@19.2.3
39 silly packumentCache full:https://registry.npmjs.org/react cache-miss
40 http fetch GET 200 https://registry.npmjs.org/react 123ms (cache miss)
41 silly packumentCache full:https://registry.npmjs.org/react set size:undefined disposed:false
42 silly fetch manifest react-dom@19.2.3
43 silly packumentCache full:https://registry.npmjs.org/react-dom cache-miss
44 http fetch GET 200 https://registry.npmjs.org/react-dom 126ms (cache miss)
45 silly packumentCache full:https://registry.npmjs.org/react-dom set size:undefined disposed:false
46 silly fetch manifest sass@^1.3.0
47 silly packumentCache full:https://registry.npmjs.org/sass cache-miss
48 http fetch GET 200 https://registry.npmjs.org/sass 56ms (cache miss)
49 silly packumentCache full:https://registry.npmjs.org/sass set size:undefined disposed:false
50 silly placeDep ROOT @supabase/supabase-js@2.95.3 OK for: tdah-next@0.1.0 want: ^2.95.3
51 silly placeDep ROOT jose@6.1.3 OK for: tdah-next@0.1.0 want: ^6.1.3
52 silly placeDep ROOT next@16.1.6 OK for: tdah-next@0.1.0 want: 16.1.6
53 silly placeDep ROOT react@19.2.3 OK for: next@16.1.6 want: ^18.2.0 || 19.0.0-rc-de68d2f4-20241204 || ^19.0.0
54 silly placeDep ROOT react-dom@19.2.3 OK for: next@16.1.6 want: ^18.2.0 || 19.0.0-rc-de68d2f4-20241204 || ^19.0.0
55 silly fetch manifest @supabase/auth-js@2.95.3
56 silly packumentCache full:https://registry.npmjs.org/@supabase%2fauth-js cache-miss
57 silly fetch manifest @supabase/storage-js@2.95.3
58 silly packumentCache full:https://registry.npmjs.org/@supabase%2fstorage-js cache-miss
59 silly fetch manifest @supabase/realtime-js@2.95.3
60 silly packumentCache full:https://registry.npmjs.org/@supabase%2frealtime-js cache-miss
61 silly fetch manifest @supabase/functions-js@2.95.3
62 silly packumentCache full:https://registry.npmjs.org/@supabase%2ffunctions-js cache-miss
63 silly fetch manifest @supabase/postgrest-js@2.95.3
64 silly packumentCache full:https://registry.npmjs.org/@supabase%2fpostgrest-js cache-miss
65 silly fetch manifest postcss@8.4.31
66 silly packumentCache full:https://registry.npmjs.org/postcss cache-miss
67 silly fetch manifest @next/env@16.1.6
68 silly packumentCache full:https://registry.npmjs.org/@next%2fenv cache-miss
69 http cache https://registry.npmjs.org/postcss 11ms (cache hit)
70 silly packumentCache full:https://registry.npmjs.org/postcss set size:696248 disposed:false
71 silly fetch manifest styled-jsx@5.1.6
72 silly packumentCache full:https://registry.npmjs.org/styled-jsx cache-miss
73 http fetch GET 200 https://registry.npmjs.org/@supabase%2fauth-js 74ms (cache miss)
74 silly packumentCache full:https://registry.npmjs.org/@supabase%2fauth-js set size:undefined disposed:false
75 silly fetch manifest @swc/helpers@0.5.15
76 silly packumentCache full:https://registry.npmjs.org/@swc%2fhelpers cache-miss
77 http fetch GET 200 https://registry.npmjs.org/@supabase%2ffunctions-js 84ms (cache miss)
78 silly packumentCache full:https://registry.npmjs.org/@supabase%2ffunctions-js set size:undefined disposed:false
79 silly fetch manifest caniuse-lite@^1.0.30001579
80 silly packumentCache full:https://registry.npmjs.org/caniuse-lite cache-miss
81 http fetch GET 200 https://registry.npmjs.org/styled-jsx 77ms (cache miss)
82 silly packumentCache full:https://registry.npmjs.org/styled-jsx set size:undefined disposed:false
83 silly fetch manifest baseline-browser-mapping@^2.8.3
84 silly packumentCache full:https://registry.npmjs.org/baseline-browser-mapping cache-miss
85 http fetch GET 200 https://registry.npmjs.org/@swc%2fhelpers 54ms (cache miss)
86 silly packumentCache full:https://registry.npmjs.org/@swc%2fhelpers set size:undefined disposed:false
87 silly fetch manifest sharp@^0.34.4
88 silly packumentCache full:https://registry.npmjs.org/sharp cache-miss
89 http fetch GET 200 https://registry.npmjs.org/baseline-browser-mapping 52ms (cache miss)
90 silly packumentCache full:https://registry.npmjs.org/baseline-browser-mapping set size:undefined disposed:false
91 silly fetch manifest @next/swc-darwin-x64@16.1.6
92 silly packumentCache full:https://registry.npmjs.org/@next%2fswc-darwin-x64 cache-miss
93 http fetch GET 200 https://registry.npmjs.org/caniuse-lite 67ms (cache miss)
94 silly packumentCache full:https://registry.npmjs.org/caniuse-lite set size:undefined disposed:false
95 silly fetch manifest @next/swc-darwin-arm64@16.1.6
96 silly packumentCache full:https://registry.npmjs.org/@next%2fswc-darwin-arm64 cache-miss
97 http fetch GET 200 https://registry.npmjs.org/@supabase%2fpostgrest-js 161ms (cache miss)
98 silly packumentCache full:https://registry.npmjs.org/@supabase%2fpostgrest-js set size:undefined disposed:false
99 silly fetch manifest @next/swc-linux-x64-gnu@16.1.6
100 silly packumentCache full:https://registry.npmjs.org/@next%2fswc-linux-x64-gnu cache-miss
101 http fetch GET 200 https://registry.npmjs.org/@supabase%2frealtime-js 168ms (cache miss)
102 silly packumentCache full:https://registry.npmjs.org/@supabase%2frealtime-js set size:undefined disposed:false
103 silly fetch manifest @next/swc-linux-x64-musl@16.1.6
104 silly packumentCache full:https://registry.npmjs.org/@next%2fswc-linux-x64-musl cache-miss
105 http fetch GET 200 https://registry.npmjs.org/sharp 45ms (cache miss)
106 silly packumentCache full:https://registry.npmjs.org/sharp set size:undefined disposed:false
107 silly fetch manifest @next/swc-win32-x64-msvc@16.1.6
108 silly packumentCache full:https://registry.npmjs.org/@next%2fswc-win32-x64-msvc cache-miss
109 http fetch GET 200 https://registry.npmjs.org/@supabase%2fstorage-js 192ms (cache miss)
110 silly packumentCache full:https://registry.npmjs.org/@supabase%2fstorage-js set size:undefined disposed:false
111 silly fetch manifest @next/swc-linux-arm64-gnu@16.1.6
112 silly packumentCache full:https://registry.npmjs.org/@next%2fswc-linux-arm64-gnu cache-miss
113 http fetch GET 200 https://registry.npmjs.org/@next%2fenv 265ms (cache miss)
114 silly packumentCache full:https://registry.npmjs.org/@next%2fenv set size:undefined disposed:false
115 silly fetch manifest @next/swc-linux-arm64-musl@16.1.6
116 silly packumentCache full:https://registry.npmjs.org/@next%2fswc-linux-arm64-musl cache-miss
117 http fetch GET 200 https://registry.npmjs.org/@next%2fswc-darwin-x64 175ms (cache miss)
118 silly packumentCache full:https://registry.npmjs.org/@next%2fswc-darwin-x64 set size:undefined disposed:false
119 silly fetch manifest @next/swc-win32-arm64-msvc@16.1.6
120 silly packumentCache full:https://registry.npmjs.org/@next%2fswc-win32-arm64-msvc cache-miss
121 http fetch GET 200 https://registry.npmjs.org/@next%2fswc-linux-x64-gnu 177ms (cache miss)
122 silly packumentCache full:https://registry.npmjs.org/@next%2fswc-linux-x64-gnu set size:undefined disposed:false
123 silly fetch manifest scheduler@^0.27.0
124 silly packumentCache full:https://registry.npmjs.org/scheduler cache-miss
125 http fetch GET 200 https://registry.npmjs.org/@next%2fswc-darwin-arm64 198ms (cache miss)
126 silly packumentCache full:https://registry.npmjs.org/@next%2fswc-darwin-arm64 set size:undefined disposed:false
127 http fetch GET 200 https://registry.npmjs.org/@next%2fswc-win32-x64-msvc 190ms (cache miss)
128 silly packumentCache full:https://registry.npmjs.org/@next%2fswc-win32-x64-msvc set size:undefined disposed:false
129 http fetch GET 200 https://registry.npmjs.org/@next%2fswc-linux-x64-musl 222ms (cache miss)
130 silly packumentCache full:https://registry.npmjs.org/@next%2fswc-linux-x64-musl set size:undefined disposed:false
131 http fetch GET 200 https://registry.npmjs.org/@next%2fswc-linux-arm64-musl 145ms (cache miss)
132 silly packumentCache full:https://registry.npmjs.org/@next%2fswc-linux-arm64-musl set size:undefined disposed:false
133 http fetch GET 200 https://registry.npmjs.org/scheduler 100ms (cache miss)
134 silly packumentCache full:https://registry.npmjs.org/scheduler set size:undefined disposed:false
135 http fetch GET 200 https://registry.npmjs.org/@next%2fswc-win32-arm64-msvc 139ms (cache miss)
136 silly packumentCache full:https://registry.npmjs.org/@next%2fswc-win32-arm64-msvc set size:undefined disposed:false
137 http fetch GET 200 https://registry.npmjs.org/@next%2fswc-linux-arm64-gnu 352ms (cache miss)
138 silly packumentCache full:https://registry.npmjs.org/@next%2fswc-linux-arm64-gnu set size:undefined disposed:false
139 silly placeDep ROOT @supabase/auth-js@2.95.3 OK for: @supabase/supabase-js@2.95.3 want: 2.95.3
140 silly placeDep ROOT @supabase/functions-js@2.95.3 OK for: @supabase/supabase-js@2.95.3 want: 2.95.3
141 silly placeDep ROOT @supabase/postgrest-js@2.95.3 OK for: @supabase/supabase-js@2.95.3 want: 2.95.3
142 silly placeDep ROOT @supabase/realtime-js@2.95.3 OK for: @supabase/supabase-js@2.95.3 want: 2.95.3
143 silly placeDep ROOT @supabase/storage-js@2.95.3 OK for: @supabase/supabase-js@2.95.3 want: 2.95.3
144 silly fetch manifest tslib@2.8.1
145 silly packumentCache full:https://registry.npmjs.org/tslib cache-miss
146 silly fetch manifest tslib@2.8.1
147 silly packumentCache full:https://registry.npmjs.org/tslib cache-miss
148 silly fetch manifest tslib@2.8.1
149 silly packumentCache full:https://registry.npmjs.org/tslib cache-miss
150 silly fetch manifest ws@^8.18.2
151 silly packumentCache full:https://registry.npmjs.org/ws cache-miss
152 silly fetch manifest tslib@2.8.1
153 silly packumentCache full:https://registry.npmjs.org/tslib cache-miss
154 silly fetch manifest @types/ws@^8.18.1
155 silly packumentCache full:https://registry.npmjs.org/@types%2fws cache-miss
156 silly fetch manifest @types/phoenix@^1.6.6
157 silly packumentCache full:https://registry.npmjs.org/@types%2fphoenix cache-miss
158 http fetch GET 200 https://registry.npmjs.org/@types%2fphoenix 48ms (cache miss)
159 silly packumentCache full:https://registry.npmjs.org/@types%2fphoenix set size:undefined disposed:false
160 silly fetch manifest tslib@2.8.1
161 silly packumentCache full:https://registry.npmjs.org/tslib cache-miss
162 http fetch GET 200 https://registry.npmjs.org/tslib 50ms (cache miss)
163 silly packumentCache full:https://registry.npmjs.org/tslib set size:undefined disposed:false
164 silly fetch manifest iceberg-js@^0.8.1
165 silly packumentCache full:https://registry.npmjs.org/iceberg-js cache-miss
166 http fetch GET 200 https://registry.npmjs.org/tslib 52ms (cache miss)
167 silly packumentCache full:https://registry.npmjs.org/tslib set size:undefined disposed:false
168 http fetch GET 200 https://registry.npmjs.org/tslib 52ms (cache miss)
169 silly packumentCache full:https://registry.npmjs.org/tslib set size:undefined disposed:false
170 http fetch GET 200 https://registry.npmjs.org/tslib 53ms (cache miss)
171 silly packumentCache full:https://registry.npmjs.org/tslib set size:undefined disposed:false
172 http cache https://registry.npmjs.org/tslib 7ms (cache hit)
173 silly packumentCache full:https://registry.npmjs.org/tslib set size:108760 disposed:false
174 http fetch GET 200 https://registry.npmjs.org/ws 57ms (cache miss)
175 silly packumentCache full:https://registry.npmjs.org/ws set size:undefined disposed:false
176 http fetch GET 200 https://registry.npmjs.org/@types%2fws 59ms (cache miss)
177 silly packumentCache full:https://registry.npmjs.org/@types%2fws set size:undefined disposed:false
178 http fetch GET 200 https://registry.npmjs.org/iceberg-js 34ms (cache miss)
179 silly packumentCache full:https://registry.npmjs.org/iceberg-js set size:undefined disposed:false
180 silly placeDep ROOT tslib@2.8.1 OK for: @supabase/auth-js@2.95.3 want: 2.8.1
181 silly fetch manifest bufferutil@^4.0.1
182 silly packumentCache full:https://registry.npmjs.org/bufferutil cache-miss
183 http fetch GET 200 https://registry.npmjs.org/bufferutil 25ms (cache miss)
184 silly packumentCache full:https://registry.npmjs.org/bufferutil set size:undefined disposed:false
185 silly fetch manifest utf-8-validate@>=5.0.2
186 silly packumentCache full:https://registry.npmjs.org/utf-8-validate cache-miss
187 http fetch GET 200 https://registry.npmjs.org/utf-8-validate 45ms (cache miss)
188 silly packumentCache full:https://registry.npmjs.org/utf-8-validate set size:undefined disposed:false
189 silly placeDep ROOT @types/phoenix@1.6.7 OK for: @supabase/realtime-js@2.95.3 want: ^1.6.6
190 silly placeDep ROOT @types/ws@8.18.1 OK for: @supabase/realtime-js@2.95.3 want: ^8.18.1
191 silly placeDep ROOT ws@8.19.0 OK for: @supabase/realtime-js@2.95.3 want: ^8.18.2
192 silly fetch manifest @types/node@*
193 silly packumentCache full:https://registry.npmjs.org/@types%2fnode cache-miss
194 http fetch GET 200 https://registry.npmjs.org/@types%2fnode 191ms (cache miss)
195 silly packumentCache full:https://registry.npmjs.org/@types%2fnode set size:undefined disposed:false
196 silly placeDep ROOT iceberg-js@0.8.1 OK for: @supabase/storage-js@2.95.3 want: ^0.8.1
197 silly placeDep ROOT @types/node@25.2.3 OK for: @types/ws@8.18.1 want: *
198 silly fetch manifest undici-types@~7.16.0
199 silly packumentCache full:https://registry.npmjs.org/undici-types cache-miss
200 http fetch GET 200 https://registry.npmjs.org/undici-types 32ms (cache miss)
201 silly packumentCache full:https://registry.npmjs.org/undici-types set size:undefined disposed:false
202 silly placeDep ROOT undici-types@7.16.0 OK for: @types/node@25.2.3 want: ~7.16.0
203 silly fetch manifest react@^18.2.0 || 19.0.0-rc-de68d2f4-20241204 || ^19.0.0
204 silly packumentCache full:https://registry.npmjs.org/react cache-miss
205 http cache https://registry.npmjs.org/react 8ms (cache hit)
206 silly packumentCache full:https://registry.npmjs.org/react set size:6484332 disposed:false
207 silly placeDep ROOT @next/env@16.1.6 OK for: next@16.1.6 want: 16.1.6
208 silly placeDep ROOT @next/swc-darwin-arm64@16.1.6 OK for: next@16.1.6 want: 16.1.6
209 silly placeDep ROOT @next/swc-darwin-x64@16.1.6 OK for: next@16.1.6 want: 16.1.6
210 silly placeDep ROOT @next/swc-linux-arm64-gnu@16.1.6 OK for: next@16.1.6 want: 16.1.6
211 silly placeDep ROOT @next/swc-linux-arm64-musl@16.1.6 OK for: next@16.1.6 want: 16.1.6
212 silly placeDep ROOT @next/swc-linux-x64-gnu@16.1.6 OK for: next@16.1.6 want: 16.1.6
213 silly placeDep ROOT @next/swc-linux-x64-musl@16.1.6 OK for: next@16.1.6 want: 16.1.6
214 silly placeDep ROOT @next/swc-win32-arm64-msvc@16.1.6 OK for: next@16.1.6 want: 16.1.6
215 silly placeDep ROOT @next/swc-win32-x64-msvc@16.1.6 OK for: next@16.1.6 want: 16.1.6
216 silly placeDep ROOT @swc/helpers@0.5.15 OK for: next@16.1.6 want: 0.5.15
217 silly placeDep ROOT baseline-browser-mapping@2.9.19 OK for: next@16.1.6 want: ^2.8.3
218 silly placeDep ROOT caniuse-lite@1.0.30001770 OK for: next@16.1.6 want: ^1.0.30001579
219 silly placeDep ROOT postcss@8.4.31 OK for: next@16.1.6 want: 8.4.31
220 silly placeDep ROOT sharp@0.34.5 OK for: next@16.1.6 want: ^0.34.4
221 silly placeDep ROOT styled-jsx@5.1.6 OK for: next@16.1.6 want: 5.1.6
222 silly fetch manifest nanoid@^3.3.6
223 silly packumentCache full:https://registry.npmjs.org/nanoid cache-miss
224 silly fetch manifest picocolors@^1.0.0
225 silly packumentCache full:https://registry.npmjs.org/picocolors cache-miss
226 silly fetch manifest source-map-js@^1.0.2
227 silly packumentCache full:https://registry.npmjs.org/source-map-js cache-miss
228 silly fetch manifest semver@^7.7.3
229 silly packumentCache full:https://registry.npmjs.org/semver cache-miss
230 silly fetch manifest @img/colour@^1.0.0
231 silly packumentCache full:https://registry.npmjs.org/@img%2fcolour cache-miss
232 silly fetch manifest detect-libc@^2.1.2
233 silly packumentCache full:https://registry.npmjs.org/detect-libc cache-miss
234 silly fetch manifest @img/sharp-wasm32@0.34.5
235 silly packumentCache full:https://registry.npmjs.org/@img%2fsharp-wasm32 cache-miss
236 http fetch GET 200 https://registry.npmjs.org/detect-libc 29ms (cache miss)
237 silly packumentCache full:https://registry.npmjs.org/detect-libc set size:undefined disposed:false
238 silly fetch manifest @img/sharp-linux-arm@0.34.5
239 silly packumentCache full:https://registry.npmjs.org/@img%2fsharp-linux-arm cache-miss
240 http fetch GET 200 https://registry.npmjs.org/source-map-js 32ms (cache miss)
241 silly packumentCache full:https://registry.npmjs.org/source-map-js set size:undefined disposed:false
242 silly fetch manifest @img/sharp-linux-x64@0.34.5
243 silly packumentCache full:https://registry.npmjs.org/@img%2fsharp-linux-x64 cache-miss
244 http fetch GET 200 https://registry.npmjs.org/picocolors 33ms (cache miss)
245 silly packumentCache full:https://registry.npmjs.org/picocolors set size:undefined disposed:false
246 silly fetch manifest @img/sharp-win32-x64@0.34.5
247 silly packumentCache full:https://registry.npmjs.org/@img%2fsharp-win32-x64 cache-miss
248 http fetch GET 200 https://registry.npmjs.org/semver 37ms (cache miss)
249 silly packumentCache full:https://registry.npmjs.org/semver set size:undefined disposed:false
250 silly fetch manifest @img/sharp-darwin-x64@0.34.5
251 silly packumentCache full:https://registry.npmjs.org/@img%2fsharp-darwin-x64 cache-miss
252 http fetch GET 200 https://registry.npmjs.org/nanoid 39ms (cache miss)
253 silly packumentCache full:https://registry.npmjs.org/nanoid set size:undefined disposed:false
254 silly fetch manifest @img/sharp-win32-ia32@0.34.5
255 silly packumentCache full:https://registry.npmjs.org/@img%2fsharp-win32-ia32 cache-miss
256 http fetch GET 200 https://registry.npmjs.org/@img%2fcolour 51ms (cache miss)
257 silly packumentCache full:https://registry.npmjs.org/@img%2fcolour set size:undefined disposed:false
258 silly fetch manifest @img/sharp-linux-arm64@0.34.5
259 silly packumentCache full:https://registry.npmjs.org/@img%2fsharp-linux-arm64 cache-miss
260 http fetch GET 200 https://registry.npmjs.org/@img%2fsharp-wasm32 52ms (cache miss)
261 silly packumentCache full:https://registry.npmjs.org/@img%2fsharp-wasm32 set size:undefined disposed:false
262 silly fetch manifest @img/sharp-linux-ppc64@0.34.5
263 silly packumentCache full:https://registry.npmjs.org/@img%2fsharp-linux-ppc64 cache-miss
264 http fetch GET 200 https://registry.npmjs.org/@img%2fsharp-linux-x64 39ms (cache miss)
265 silly packumentCache full:https://registry.npmjs.org/@img%2fsharp-linux-x64 set size:undefined disposed:false
266 silly fetch manifest @img/sharp-linux-s390x@0.34.5
267 silly packumentCache full:https://registry.npmjs.org/@img%2fsharp-linux-s390x cache-miss
268 http fetch GET 200 https://registry.npmjs.org/@img%2fsharp-linux-arm 42ms (cache miss)
269 silly packumentCache full:https://registry.npmjs.org/@img%2fsharp-linux-arm set size:undefined disposed:false
270 silly fetch manifest @img/sharp-win32-arm64@0.34.5
271 silly packumentCache full:https://registry.npmjs.org/@img%2fsharp-win32-arm64 cache-miss
272 http fetch GET 200 https://registry.npmjs.org/@img%2fsharp-win32-x64 41ms (cache miss)
273 silly packumentCache full:https://registry.npmjs.org/@img%2fsharp-win32-x64 set size:undefined disposed:false
274 silly fetch manifest @img/sharp-darwin-arm64@0.34.5
275 silly packumentCache full:https://registry.npmjs.org/@img%2fsharp-darwin-arm64 cache-miss
276 http fetch GET 200 https://registry.npmjs.org/@img%2fsharp-darwin-x64 39ms (cache miss)
277 silly packumentCache full:https://registry.npmjs.org/@img%2fsharp-darwin-x64 set size:undefined disposed:false
278 silly fetch manifest @img/sharp-linux-riscv64@0.34.5
279 silly packumentCache full:https://registry.npmjs.org/@img%2fsharp-linux-riscv64 cache-miss
280 http fetch GET 200 https://registry.npmjs.org/@img%2fsharp-win32-ia32 43ms (cache miss)
281 silly packumentCache full:https://registry.npmjs.org/@img%2fsharp-win32-ia32 set size:undefined disposed:false
282 silly fetch manifest @img/sharp-linuxmusl-x64@0.34.5
283 silly packumentCache full:https://registry.npmjs.org/@img%2fsharp-linuxmusl-x64 cache-miss
284 http fetch GET 200 https://registry.npmjs.org/@img%2fsharp-linux-arm64 48ms (cache miss)
285 silly packumentCache full:https://registry.npmjs.org/@img%2fsharp-linux-arm64 set size:undefined disposed:false
286 silly fetch manifest @img/sharp-linuxmusl-arm64@0.34.5
287 silly packumentCache full:https://registry.npmjs.org/@img%2fsharp-linuxmusl-arm64 cache-miss
288 http fetch GET 200 https://registry.npmjs.org/@img%2fsharp-linux-ppc64 48ms (cache miss)
289 silly packumentCache full:https://registry.npmjs.org/@img%2fsharp-linux-ppc64 set size:undefined disposed:false
290 silly fetch manifest @img/sharp-libvips-linux-arm@1.2.4
291 silly packumentCache full:https://registry.npmjs.org/@img%2fsharp-libvips-linux-arm cache-miss
292 http fetch GET 200 https://registry.npmjs.org/@img%2fsharp-win32-arm64 36ms (cache miss)
293 silly packumentCache full:https://registry.npmjs.org/@img%2fsharp-win32-arm64 set size:undefined disposed:false
294 silly fetch manifest @img/sharp-libvips-linux-x64@1.2.4
295 silly packumentCache full:https://registry.npmjs.org/@img%2fsharp-libvips-linux-x64 cache-miss
296 http fetch GET 200 https://registry.npmjs.org/@img%2fsharp-linux-s390x 38ms (cache miss)
297 silly packumentCache full:https://registry.npmjs.org/@img%2fsharp-linux-s390x set size:undefined disposed:false
298 silly fetch manifest @img/sharp-libvips-darwin-x64@1.2.4
299 silly packumentCache full:https://registry.npmjs.org/@img%2fsharp-libvips-darwin-x64 cache-miss
300 http fetch GET 200 https://registry.npmjs.org/@img%2fsharp-linux-riscv64 38ms (cache miss)
301 silly packumentCache full:https://registry.npmjs.org/@img%2fsharp-linux-riscv64 set size:undefined disposed:false
302 silly fetch manifest @img/sharp-libvips-linux-arm64@1.2.4
303 silly packumentCache full:https://registry.npmjs.org/@img%2fsharp-libvips-linux-arm64 cache-miss
304 http fetch GET 200 https://registry.npmjs.org/@img%2fsharp-darwin-arm64 53ms (cache miss)
305 silly packumentCache full:https://registry.npmjs.org/@img%2fsharp-darwin-arm64 set size:undefined disposed:false
306 silly fetch manifest @img/sharp-libvips-linux-ppc64@1.2.4
307 silly packumentCache full:https://registry.npmjs.org/@img%2fsharp-libvips-linux-ppc64 cache-miss
308 http fetch GET 200 https://registry.npmjs.org/@img%2fsharp-linuxmusl-x64 50ms (cache miss)
309 silly packumentCache full:https://registry.npmjs.org/@img%2fsharp-linuxmusl-x64 set size:undefined disposed:false
310 silly fetch manifest @img/sharp-libvips-linux-s390x@1.2.4
311 silly packumentCache full:https://registry.npmjs.org/@img%2fsharp-libvips-linux-s390x cache-miss
312 http fetch GET 200 https://registry.npmjs.org/@img%2fsharp-libvips-linux-arm 44ms (cache miss)
313 silly packumentCache full:https://registry.npmjs.org/@img%2fsharp-libvips-linux-arm set size:undefined disposed:false
314 silly fetch manifest @img/sharp-libvips-darwin-arm64@1.2.4
315 silly packumentCache full:https://registry.npmjs.org/@img%2fsharp-libvips-darwin-arm64 cache-miss
316 http fetch GET 200 https://registry.npmjs.org/@img%2fsharp-linuxmusl-arm64 45ms (cache miss)
317 silly packumentCache full:https://registry.npmjs.org/@img%2fsharp-linuxmusl-arm64 set size:undefined disposed:false
318 silly fetch manifest @img/sharp-libvips-linux-riscv64@1.2.4
319 silly packumentCache full:https://registry.npmjs.org/@img%2fsharp-libvips-linux-riscv64 cache-miss
320 http fetch GET 200 https://registry.npmjs.org/@img%2fsharp-libvips-linux-x64 38ms (cache miss)
321 silly packumentCache full:https://registry.npmjs.org/@img%2fsharp-libvips-linux-x64 set size:undefined disposed:false
322 silly fetch manifest @img/sharp-libvips-linuxmusl-x64@1.2.4
323 silly packumentCache full:https://registry.npmjs.org/@img%2fsharp-libvips-linuxmusl-x64 cache-miss
324 http fetch GET 200 https://registry.npmjs.org/@img%2fsharp-libvips-darwin-x64 39ms (cache miss)
325 silly packumentCache full:https://registry.npmjs.org/@img%2fsharp-libvips-darwin-x64 set size:undefined disposed:false
326 silly fetch manifest @img/sharp-libvips-linuxmusl-arm64@1.2.4
327 silly packumentCache full:https://registry.npmjs.org/@img%2fsharp-libvips-linuxmusl-arm64 cache-miss
328 http fetch GET 200 https://registry.npmjs.org/@img%2fsharp-libvips-linux-arm64 35ms (cache miss)
329 silly packumentCache full:https://registry.npmjs.org/@img%2fsharp-libvips-linux-arm64 set size:undefined disposed:false
330 silly fetch manifest client-only@0.0.1
331 silly packumentCache full:https://registry.npmjs.org/client-only cache-miss
332 http fetch GET 200 https://registry.npmjs.org/@img%2fsharp-libvips-linux-ppc64 38ms (cache miss)
333 silly packumentCache full:https://registry.npmjs.org/@img%2fsharp-libvips-linux-ppc64 set size:undefined disposed:false
334 http fetch GET 200 https://registry.npmjs.org/@img%2fsharp-libvips-linux-s390x 48ms (cache miss)
335 silly packumentCache full:https://registry.npmjs.org/@img%2fsharp-libvips-linux-s390x set size:undefined disposed:false
336 http fetch GET 200 https://registry.npmjs.org/@img%2fsharp-libvips-linuxmusl-arm64 34ms (cache miss)
337 silly packumentCache full:https://registry.npmjs.org/@img%2fsharp-libvips-linuxmusl-arm64 set size:undefined disposed:false
338 http fetch GET 200 https://registry.npmjs.org/client-only 34ms (cache miss)
339 silly packumentCache full:https://registry.npmjs.org/client-only set size:undefined disposed:false
340 http fetch GET 200 https://registry.npmjs.org/@img%2fsharp-libvips-linuxmusl-x64 38ms (cache miss)
341 silly packumentCache full:https://registry.npmjs.org/@img%2fsharp-libvips-linuxmusl-x64 set size:undefined disposed:false
342 http fetch GET 200 https://registry.npmjs.org/@img%2fsharp-libvips-darwin-arm64 42ms (cache miss)
343 silly packumentCache full:https://registry.npmjs.org/@img%2fsharp-libvips-darwin-arm64 set size:undefined disposed:false
344 http fetch GET 200 https://registry.npmjs.org/@img%2fsharp-libvips-linux-riscv64 47ms (cache miss)
345 silly packumentCache full:https://registry.npmjs.org/@img%2fsharp-libvips-linux-riscv64 set size:undefined disposed:false
346 silly placeDep ROOT nanoid@3.3.11 OK for: postcss@8.4.31 want: ^3.3.6
347 silly placeDep ROOT picocolors@1.1.1 OK for: postcss@8.4.31 want: ^1.0.0
348 silly placeDep ROOT source-map-js@1.2.1 OK for: postcss@8.4.31 want: ^1.0.2
349 silly placeDep ROOT scheduler@0.27.0 OK for: react-dom@19.2.3 want: ^0.27.0
350 silly placeDep ROOT @img/colour@1.0.0 OK for: sharp@0.34.5 want: ^1.0.0
351 silly placeDep ROOT @img/sharp-darwin-arm64@0.34.5 OK for: sharp@0.34.5 want: 0.34.5
352 silly placeDep ROOT @img/sharp-darwin-x64@0.34.5 OK for: sharp@0.34.5 want: 0.34.5
353 silly placeDep ROOT @img/sharp-libvips-darwin-arm64@1.2.4 OK for: sharp@0.34.5 want: 1.2.4
354 silly placeDep ROOT @img/sharp-libvips-darwin-x64@1.2.4 OK for: sharp@0.34.5 want: 1.2.4
355 silly placeDep ROOT @img/sharp-libvips-linux-arm@1.2.4 OK for: sharp@0.34.5 want: 1.2.4
356 silly placeDep ROOT @img/sharp-libvips-linux-arm64@1.2.4 OK for: sharp@0.34.5 want: 1.2.4
357 silly placeDep ROOT @img/sharp-libvips-linux-ppc64@1.2.4 OK for: sharp@0.34.5 want: 1.2.4
358 silly placeDep ROOT @img/sharp-libvips-linux-riscv64@1.2.4 OK for: sharp@0.34.5 want: 1.2.4
359 silly placeDep ROOT @img/sharp-libvips-linux-s390x@1.2.4 OK for: sharp@0.34.5 want: 1.2.4
360 silly placeDep ROOT @img/sharp-libvips-linux-x64@1.2.4 OK for: sharp@0.34.5 want: 1.2.4
361 silly placeDep ROOT @img/sharp-libvips-linuxmusl-arm64@1.2.4 OK for: sharp@0.34.5 want: 1.2.4
362 silly placeDep ROOT @img/sharp-libvips-linuxmusl-x64@1.2.4 OK for: sharp@0.34.5 want: 1.2.4
363 silly placeDep ROOT @img/sharp-linux-arm@0.34.5 OK for: sharp@0.34.5 want: 0.34.5
364 silly placeDep ROOT @img/sharp-linux-arm64@0.34.5 OK for: sharp@0.34.5 want: 0.34.5
365 silly placeDep ROOT @img/sharp-linux-ppc64@0.34.5 OK for: sharp@0.34.5 want: 0.34.5
366 silly placeDep ROOT @img/sharp-linux-riscv64@0.34.5 OK for: sharp@0.34.5 want: 0.34.5
367 silly placeDep ROOT @img/sharp-linux-s390x@0.34.5 OK for: sharp@0.34.5 want: 0.34.5
368 silly placeDep ROOT @img/sharp-linux-x64@0.34.5 OK for: sharp@0.34.5 want: 0.34.5
369 silly placeDep ROOT @img/sharp-linuxmusl-arm64@0.34.5 OK for: sharp@0.34.5 want: 0.34.5
370 silly placeDep ROOT @img/sharp-linuxmusl-x64@0.34.5 OK for: sharp@0.34.5 want: 0.34.5
371 silly placeDep ROOT @img/sharp-wasm32@0.34.5 OK for: sharp@0.34.5 want: 0.34.5
372 silly placeDep ROOT @img/sharp-win32-arm64@0.34.5 OK for: sharp@0.34.5 want: 0.34.5
373 silly placeDep ROOT @img/sharp-win32-ia32@0.34.5 OK for: sharp@0.34.5 want: 0.34.5
374 silly placeDep ROOT @img/sharp-win32-x64@0.34.5 OK for: sharp@0.34.5 want: 0.34.5
375 silly placeDep ROOT detect-libc@2.1.2 OK for: sharp@0.34.5 want: ^2.1.2
376 silly placeDep ROOT semver@7.7.4 OK for: sharp@0.34.5 want: ^7.7.3
377 silly fetch manifest @emnapi/runtime@^1.7.0
378 silly packumentCache full:https://registry.npmjs.org/@emnapi%2fruntime cache-miss
379 http fetch GET 200 https://registry.npmjs.org/@emnapi%2fruntime 40ms (cache miss)
380 silly packumentCache full:https://registry.npmjs.org/@emnapi%2fruntime set size:undefined disposed:false
381 silly placeDep ROOT @emnapi/runtime@1.8.1 OK for: @img/sharp-wasm32@0.34.5 want: ^1.7.0
382 silly placeDep ROOT client-only@0.0.1 OK for: styled-jsx@5.1.6 want: 0.0.1
383 silly reify moves {}
384 silly audit bulk request {
384 silly audit   '@supabase/supabase-js': [ '2.95.3' ],
384 silly audit   jose: [ '6.1.3' ],
384 silly audit   next: [ '16.1.6' ],
384 silly audit   react: [ '19.2.3' ],
384 silly audit   'react-dom': [ '19.2.3' ],
384 silly audit   '@supabase/auth-js': [ '2.95.3' ],
384 silly audit   '@supabase/functions-js': [ '2.95.3' ],
384 silly audit   '@supabase/postgrest-js': [ '2.95.3' ],
384 silly audit   '@supabase/realtime-js': [ '2.95.3' ],
384 silly audit   '@supabase/storage-js': [ '2.95.3' ],
384 silly audit   tslib: [ '2.8.1' ],
384 silly audit   '@types/phoenix': [ '1.6.7' ],
384 silly audit   '@types/ws': [ '8.18.1' ],
384 silly audit   ws: [ '8.19.0' ],
384 silly audit   'iceberg-js': [ '0.8.1' ],
384 silly audit   '@types/node': [ '25.2.3' ],
384 silly audit   'undici-types': [ '7.16.0' ],
384 silly audit   '@next/env': [ '16.1.6' ],
384 silly audit   '@next/swc-darwin-arm64': [ '16.1.6' ],
384 silly audit   '@next/swc-darwin-x64': [ '16.1.6' ],
384 silly audit   '@next/swc-linux-arm64-gnu': [ '16.1.6' ],
384 silly audit   '@next/swc-linux-arm64-musl': [ '16.1.6' ],
384 silly audit   '@next/swc-linux-x64-gnu': [ '16.1.6' ],
384 silly audit   '@next/swc-linux-x64-musl': [ '16.1.6' ],
384 silly audit   '@next/swc-win32-arm64-msvc': [ '16.1.6' ],
384 silly audit   '@next/swc-win32-x64-msvc': [ '16.1.6' ],
384 silly audit   '@swc/helpers': [ '0.5.15' ],
384 silly audit   'baseline-browser-mapping': [ '2.9.19' ],
384 silly audit   'caniuse-lite': [ '1.0.30001770' ],
384 silly audit   postcss: [ '8.4.31' ],
384 silly audit   sharp: [ '0.34.5' ],
384 silly audit   'styled-jsx': [ '5.1.6' ],
384 silly audit   nanoid: [ '3.3.11' ],
384 silly audit   picocolors: [ '1.1.1' ],
384 silly audit   'source-map-js': [ '1.2.1' ],
384 silly audit   scheduler: [ '0.27.0' ],
384 silly audit   '@img/colour': [ '1.0.0' ],
384 silly audit   '@img/sharp-darwin-arm64': [ '0.34.5' ],
384 silly audit   '@img/sharp-darwin-x64': [ '0.34.5' ],
384 silly audit   '@img/sharp-libvips-darwin-arm64': [ '1.2.4' ],
384 silly audit   '@img/sharp-libvips-darwin-x64': [ '1.2.4' ],
384 silly audit   '@img/sharp-libvips-linux-arm': [ '1.2.4' ],
384 silly audit   '@img/sharp-libvips-linux-arm64': [ '1.2.4' ],
384 silly audit   '@img/sharp-libvips-linux-ppc64': [ '1.2.4' ],
384 silly audit   '@img/sharp-libvips-linux-riscv64': [ '1.2.4' ],
384 silly audit   '@img/sharp-libvips-linux-s390x': [ '1.2.4' ],
384 silly audit   '@img/sharp-libvips-linux-x64': [ '1.2.4' ],
384 silly audit   '@img/sharp-libvips-linuxmusl-arm64': [ '1.2.4' ],
384 silly audit   '@img/sharp-libvips-linuxmusl-x64': [ '1.2.4' ],
384 silly audit   '@img/sharp-linux-arm': [ '0.34.5' ],
384 silly audit   '@img/sharp-linux-arm64': [ '0.34.5' ],
384 silly audit   '@img/sharp-linux-ppc64': [ '0.34.5' ],
384 silly audit   '@img/sharp-linux-riscv64': [ '0.34.5' ],
384 silly audit   '@img/sharp-linux-s390x': [ '0.34.5' ],
384 silly audit   '@img/sharp-linux-x64': [ '0.34.5' ],
384 silly audit   '@img/sharp-linuxmusl-arm64': [ '0.34.5' ],
384 silly audit   '@img/sharp-linuxmusl-x64': [ '0.34.5' ],
384 silly audit   '@img/sharp-wasm32': [ '0.34.5' ],
384 silly audit   '@img/sharp-win32-arm64': [ '0.34.5' ],
384 silly audit   '@img/sharp-win32-ia32': [ '0.34.5' ],
384 silly audit   '@img/sharp-win32-x64': [ '0.34.5' ],
384 silly audit   'detect-libc': [ '2.1.2' ],
384 silly audit   semver: [ '7.7.4' ],
384 silly audit   '@emnapi/runtime': [ '1.8.1' ],
384 silly audit   'client-only': [ '0.0.1' ]
384 silly audit }
385 http cache client-only@https://registry.npmjs.org/client-only/-/client-only-0.0.1.tgz 0ms (cache hit)
386 http cache semver@https://registry.npmjs.org/semver/-/semver-7.7.4.tgz 0ms (cache hit)
387 http cache @img/sharp-libvips-darwin-arm64@https://registry.npmjs.org/@img/sharp-libvips-darwin-arm64/-/sharp-libvips-darwin-arm64-1.2.4.tgz 0ms (cache hit)
388 http cache @img/sharp-darwin-arm64@https://registry.npmjs.org/@img/sharp-darwin-arm64/-/sharp-darwin-arm64-0.34.5.tgz 0ms (cache hit)
389 http cache @img/colour@https://registry.npmjs.org/@img/colour/-/colour-1.0.0.tgz 0ms (cache hit)
390 http cache source-map-js@https://registry.npmjs.org/source-map-js/-/source-map-js-1.2.1.tgz 0ms (cache hit)
391 http cache detect-libc@https://registry.npmjs.org/detect-libc/-/detect-libc-2.1.2.tgz 0ms (cache hit)
392 http cache picocolors@https://registry.npmjs.org/picocolors/-/picocolors-1.1.1.tgz 0ms (cache hit)
393 http cache nanoid@https://registry.npmjs.org/nanoid/-/nanoid-3.3.11.tgz 0ms (cache hit)
394 http cache styled-jsx@https://registry.npmjs.org/styled-jsx/-/styled-jsx-5.1.6.tgz 0ms (cache hit)
395 http cache sharp@https://registry.npmjs.org/sharp/-/sharp-0.34.5.tgz 0ms (cache hit)
396 http cache postcss@https://registry.npmjs.org/postcss/-/postcss-8.4.31.tgz 0ms (cache hit)
397 http cache scheduler@https://registry.npmjs.org/scheduler/-/scheduler-0.27.0.tgz 0ms (cache hit)
398 http cache caniuse-lite@https://registry.npmjs.org/caniuse-lite/-/caniuse-lite-1.0.30001770.tgz 0ms (cache hit)
399 http cache baseline-browser-mapping@https://registry.npmjs.org/baseline-browser-mapping/-/baseline-browser-mapping-2.9.19.tgz 0ms (cache hit)
400 http cache @swc/helpers@https://registry.npmjs.org/@swc/helpers/-/helpers-0.5.15.tgz 0ms (cache hit)
401 http cache @next/swc-darwin-arm64@https://registry.npmjs.org/@next/swc-darwin-arm64/-/swc-darwin-arm64-16.1.6.tgz 0ms (cache hit)
402 http cache undici-types@https://registry.npmjs.org/undici-types/-/undici-types-7.16.0.tgz 0ms (cache hit)
403 http cache @next/env@https://registry.npmjs.org/@next/env/-/env-16.1.6.tgz 0ms (cache hit)
404 http cache @types/node@https://registry.npmjs.org/@types/node/-/node-25.2.3.tgz 0ms (cache hit)
405 http cache iceberg-js@https://registry.npmjs.org/iceberg-js/-/iceberg-js-0.8.1.tgz 0ms (cache hit)
406 http cache ws@https://registry.npmjs.org/ws/-/ws-8.19.0.tgz 0ms (cache hit)
407 http cache @types/ws@https://registry.npmjs.org/@types/ws/-/ws-8.18.1.tgz 1ms (cache hit)
408 http cache @types/phoenix@https://registry.npmjs.org/@types/phoenix/-/phoenix-1.6.7.tgz 0ms (cache hit)
409 http cache tslib@https://registry.npmjs.org/tslib/-/tslib-2.8.1.tgz 0ms (cache hit)
410 http cache @supabase/storage-js@https://registry.npmjs.org/@supabase/storage-js/-/storage-js-2.95.3.tgz 0ms (cache hit)
411 http cache @supabase/realtime-js@https://registry.npmjs.org/@supabase/realtime-js/-/realtime-js-2.95.3.tgz 0ms (cache hit)
412 http cache @supabase/functions-js@https://registry.npmjs.org/@supabase/functions-js/-/functions-js-2.95.3.tgz 0ms (cache hit)
413 http cache @supabase/auth-js@https://registry.npmjs.org/@supabase/auth-js/-/auth-js-2.95.3.tgz 0ms (cache hit)
414 http cache react-dom@https://registry.npmjs.org/react-dom/-/react-dom-19.2.3.tgz 0ms (cache hit)
415 http cache react@https://registry.npmjs.org/react/-/react-19.2.3.tgz 0ms (cache hit)
416 http cache next@https://registry.npmjs.org/next/-/next-16.1.6.tgz 0ms (cache hit)
417 http cache jose@https://registry.npmjs.org/jose/-/jose-6.1.3.tgz 0ms (cache hit)
418 http cache @supabase/postgrest-js@https://registry.npmjs.org/@supabase/postgrest-js/-/postgrest-js-2.95.3.tgz 0ms (cache hit)
419 http cache @supabase/supabase-js@https://registry.npmjs.org/@supabase/supabase-js/-/supabase-js-2.95.3.tgz 0ms (cache hit)
420 silly tarball no local data for caniuse-lite@https://registry.npmjs.org/caniuse-lite/-/caniuse-lite-1.0.30001770.tgz. Extracting by manifest.
421 http fetch POST 200 https://registry.npmjs.org/-/npm/v1/security/advisories/bulk 556ms
422 silly audit report {}
423 http fetch GET 200 https://registry.npmjs.org/caniuse-lite/-/caniuse-lite-1.0.30001770.tgz 765ms (cache miss)
424 info run sharp@0.34.5 install node_modules/sharp node install/check.js || npm run build
425 info run sharp@0.34.5 install { code: 0, signal: null }
426 silly ADD node_modules/client-only
427 silly ADD node_modules/semver
428 silly ADD node_modules/detect-libc
429 silly ADD node_modules/@img/sharp-libvips-darwin-arm64
430 silly ADD node_modules/@img/sharp-darwin-arm64
431 silly ADD node_modules/@img/colour
432 silly ADD node_modules/scheduler
433 silly ADD node_modules/source-map-js
434 silly ADD node_modules/picocolors
435 silly ADD node_modules/nanoid
436 silly ADD node_modules/styled-jsx
437 silly ADD node_modules/sharp
438 silly ADD node_modules/postcss
439 silly ADD node_modules/caniuse-lite
440 silly ADD node_modules/baseline-browser-mapping
441 silly ADD node_modules/@swc/helpers
442 silly ADD node_modules/@next/swc-darwin-arm64
443 silly ADD node_modules/@next/env
444 silly ADD node_modules/undici-types
445 silly ADD node_modules/@types/node
446 silly ADD node_modules/iceberg-js
447 silly ADD node_modules/ws
448 silly ADD node_modules/@types/ws
449 silly ADD node_modules/@types/phoenix
450 silly ADD node_modules/tslib
451 silly ADD node_modules/@supabase/storage-js
452 silly ADD node_modules/@supabase/realtime-js
453 silly ADD node_modules/@supabase/postgrest-js
454 silly ADD node_modules/@supabase/functions-js
455 silly ADD node_modules/@supabase/auth-js
456 silly ADD node_modules/react-dom
457 silly ADD node_modules/react
458 silly ADD node_modules/next
459 silly ADD node_modules/jose
460 silly ADD node_modules/@supabase/supabase-js
461 verbose cwd /Users/juniosilva/.openclaw/workspace/tdah
462 verbose os Darwin 25.0.0
463 verbose node v25.6.0
464 verbose npm  v11.8.0
465 verbose exit 0
466 info ok
